Using pre-set license
Built from '2020.2/staging' branch; Version is '2020.2.6f1 (8a2143876886) revision 9052483'; Using compiler version '192528614'; Build Type 'Release'
OS: 'Windows 10 Pro; OS build 18363.1316; Version 1909; 64bit' Language: 'en' Physical Memory: 7872 MB
BatchMode: 1, IsHumanControllingUs: 0, StartBugReporterOnCrash: 0, Is64bit: 1, IsPro: 0

 COMMAND LINE ARGUMENTS:
C:\Program Files\Unity\Hub\Editor\2020.2.6f1\Editor\Unity.exe
-adb2
-batchMode
-noUpm
-name
AssetImportWorker0
-projectPath
C:/Users/Matt/Documents/CodeAnimator
-logFile
Logs/AssetImportWorker0.log
-srvPort
55632
Successfully changed project path to: C:/Users/Matt/Documents/CodeAnimator
C:/Users/Matt/Documents/CodeAnimator
Using Asset Import Pipeline V2.
Refreshing native plugins compatible for Editor in 52.54 ms, found 1 plugins.
Preloading 0 native plugins for Editor in 0.00 ms.
Initialize engine version: 2020.2.6f1 (8a2143876886)
[Subsystems] Discovering subsystems at path C:/Program Files/Unity/Hub/Editor/2020.2.6f1/Editor/Data/Resources/UnitySubsystems
[Subsystems] Discovering subsystems at path C:/Users/Matt/Documents/CodeAnimator/Assets
GfxDevice: creating device client; threaded=0
Direct3D:
    Version:  Direct3D 11.0 [level 11.1]
    Renderer: Intel(R) HD Graphics 5500 (ID=0x1616)
    Vendor:   
    VRAM:     3936 MB
    Driver:   20.19.15.4531
Initialize mono
Mono path[0] = 'C:/Program Files/Unity/Hub/Editor/2020.2.6f1/Editor/Data/Managed'
Mono path[1] = 'C:/Program Files/Unity/Hub/Editor/2020.2.6f1/Editor/Data/MonoBleedingEdge/lib/mono/unityjit'
Mono config path = 'C:/Program Files/Unity/Hub/Editor/2020.2.6f1/Editor/Data/MonoBleedingEdge/etc'
Using monoOptions --debugger-agent=transport=dt_socket,embedding=1,server=y,suspend=n,address=127.0.0.1:56756
Begin MonoManager ReloadAssembly
Registering precompiled unity dll's ...
Register platform support module: C:/Program Files/Unity/Hub/Editor/2020.2.6f1/Editor/Data/PlaybackEngines/WebGLSupport/UnityEditor.WebGL.Extensions.dll
Register platform support module: C:/Program Files/Unity/Hub/Editor/2020.2.6f1/Editor/Data/PlaybackEngines/WindowsStandaloneSupport/UnityEditor.WindowsStandalone.Extensions.dll
Registered in 0.003596 seconds.
Native extension for WindowsStandalone target not found
Native extension for WebGL target not found
Refreshing native plugins compatible for Editor in 50.24 ms, found 1 plugins.
Preloading 0 native plugins for Editor in 0.00 ms.
Invoked RoslynAnalysisRunner static constructor.
RoslynAnalysisRunner will not be running.
RoslynAnalysisRunner has terminated.
Mono: successfully reloaded assembly
- Completed reload, in  2.098 seconds
Platform modules already initialized, skipping
Registering precompiled user dll's ...
Registered in 0.001315 seconds.
Begin MonoManager ReloadAssembly
Native extension for WindowsStandalone target not found
Native extension for WebGL target not found
Refreshing native plugins compatible for Editor in 98.82 ms, found 1 plugins.
Preloading 0 native plugins for Editor in 0.00 ms.
Invoked RoslynAnalysisRunner static constructor.
RoslynAnalysisRunner will not be running.
RoslynAnalysisRunner has terminated.
Mono: successfully reloaded assembly
- Completed reload, in  1.580 seconds
Platform modules already initialized, skipping
========================================================================
Worker process is ready to serve import requests
Launched and connected shader compiler UnityShaderCompiler.exe after 0.05 seconds
Refreshing native plugins compatible for Editor in 0.70 ms, found 1 plugins.
Preloading 0 native plugins for Editor in 0.00 ms.
Unloading 1812 Unused Serialized files (Serialized files now loaded: 0)
System memory in use before: 86.5 MB.
System memory in use after: 86.5 MB.

Unloading 19 unused Assets to reduce memory usage. Loaded Objects now: 2259.
Total: 4.730300 ms (FindLiveObjects: 0.271200 ms CreateObjectMapping: 0.126800 ms MarkObjects: 4.215100 ms  DeleteObjects: 0.115300 ms)

========================================================================
Received Import Request.
  path: Assets
  artifactKey: Guid(00000000000000001000000000000000) Importer(815301076,1909f56bfc062723c751e8b465ee728b)
Start importing Assets using Guid(00000000000000001000000000000000) Importer(815301076,1909f56bfc062723c751e8b465ee728b)  -> (artifact id: '178f1c32d563b03c6da3ed888448cac4') in 0.014245 seconds
  Import took 0.018631 seconds .

========================================================================
Received Import Request.
  Time since last request: 0.000250 seconds.
  path: Assets/RobotoMono-VariableFont_wght SDF.asset
  artifactKey: Guid(799608238d31d13459782ae6493056bb) Importer(815301076,1909f56bfc062723c751e8b465ee728b)
Start importing Assets/RobotoMono-VariableFont_wght SDF.asset using Guid(799608238d31d13459782ae6493056bb) Importer(815301076,1909f56bfc062723c751e8b465ee728b)  -> (artifact id: '2a70dbb5480688afc33ebe8789770178') in 0.205280 seconds
  Import took 0.209139 seconds .

========================================================================
Received Import Request.
  Time since last request: 8.636255 seconds.
  path: Assets/NewSurfaceShader.shader
  artifactKey: Guid(2c18db9f64f3a1941bb76a353d7dab14) Importer(815301076,1909f56bfc062723c751e8b465ee728b)
Start importing Assets/NewSurfaceShader.shader using Guid(2c18db9f64f3a1941bb76a353d7dab14) Importer(815301076,1909f56bfc062723c751e8b465ee728b)  -> (artifact id: 'afa4b35df354b39c7397361ae5913d09') in 0.032846 seconds
  Import took 0.039122 seconds .

========================================================================
Received Import Request.
  Time since last request: 0.004784 seconds.
  path: Assets/NewSurfaceShader.shader
  artifactKey: Guid(2c18db9f64f3a1941bb76a353d7dab14) Importer(815301076,1909f56bfc062723c751e8b465ee728b)
Start importing Assets/NewSurfaceShader.shader using Guid(2c18db9f64f3a1941bb76a353d7dab14) Importer(815301076,1909f56bfc062723c751e8b465ee728b)  -> (artifact id: 'afa4b35df354b39c7397361ae5913d09') in 0.010669 seconds
  Import took 0.016378 seconds .

========================================================================
Received Import Request.
  Time since last request: 964.885338 seconds.
  path: Assets/NewImageEffectShader.shader
  artifactKey: Guid(f7e62d594c9094f428816bab23dfacf7) Importer(815301076,1909f56bfc062723c751e8b465ee728b)
Start importing Assets/NewImageEffectShader.shader using Guid(f7e62d594c9094f428816bab23dfacf7) Importer(815301076,1909f56bfc062723c751e8b465ee728b)  -> (artifact id: '146ddf926b082c6cb50892489b6a05e4') in 0.084483 seconds
  Import took 0.105807 seconds .

AssetImportWorkerClient::OnTransportError - code=2 error=End of file
